Using pre-set license

 COMMAND LINE ARGUMENTS:
/Applications/Unity/Hub/Editor/2020.3.14f1/Unity.app/Contents/MacOS/Unity
-adb2
-batchMode
-noUpm
-name
AssetImportWorker0
-projectPath
/Users/reatured/Documents/1.3 Unity/Project/Week 14/Week-14---Shader
-logFile
Logs/AssetImportWorker0.log
-srvPort
51141
Successfully changed project path to: /Users/reatured/Documents/1.3 Unity/Project/Week 14/Week-14---Shader
/Users/reatured/Documents/1.3 Unity/Project/Week 14/Week-14---Shader
Using Asset Import Pipeline V2.
Refreshing native plugins compatible for Editor in 41.86 ms, found 2 plugins.
Preloading 0 native plugins for Editor in 0.00 ms.
Initialize engine version: 2020.3.14f1 (d0d1bb862f9d)
[Subsystems] Discovering subsystems at path /Applications/Unity/Hub/Editor/2020.3.14f1/Unity.app/Contents/Resources/UnitySubsystems
[Subsystems] Discovering subsystems at path /Users/reatured/Documents/1.3 Unity/Project/Week 14/Week-14---Shader/Assets
GfxDevice: creating device client; threaded=0
2021-07-28 13:35:48.597 Unity[26474:464552] Color LCD preferred device: AMD Radeon Pro 5300M (high power)
2021-07-28 13:35:48.597 Unity[26474:464552] Metal devices available: 2
2021-07-28 13:35:48.597 Unity[26474:464552] 0: AMD Radeon Pro 5300M (high power)
2021-07-28 13:35:48.597 Unity[26474:464552] 1: Intel(R) UHD Graphics 630 (low power)
2021-07-28 13:35:48.598 Unity[26474:464552] Using device AMD Radeon Pro 5300M (high power)
Initializing Metal device caps: AMD Radeon Pro 5300M
Initialize mono
Mono path[0] = '/Applications/Unity/Hub/Editor/2020.3.14f1/Unity.app/Contents/Managed'
Mono path[1] = '/Applications/Unity/Hub/Editor/2020.3.14f1/Unity.app/Contents/MonoBleedingEdge/lib/mono/unityjit'
Mono config path = '/Applications/Unity/Hub/Editor/2020.3.14f1/Unity.app/Contents/MonoBleedingEdge/etc'
Using monoOptions --debugger-agent=transport=dt_socket,embedding=1,server=y,suspend=n,address=127.0.0.1:56474
Begin MonoManager ReloadAssembly
Registering precompiled unity dll's ...
Register platform support module: /Applications/Unity/Hub/Editor/2020.3.14f1/PlaybackEngines/WebGLSupport/UnityEditor.WebGL.Extensions.dll
Register platform support module: /Applications/Unity/Hub/Editor/2020.3.14f1/Unity.app/Contents/PlaybackEngines/MacStandaloneSupport/UnityEditor.OSXStandalone.Extensions.dll
Register platform support module: /Applications/Unity/Hub/Editor/2020.3.14f1/PlaybackEngines/WindowsStandaloneSupport/UnityEditor.WindowsStandalone.Extensions.dll
Registered in 0.005062 seconds.
Native extension for WindowsStandalone target not found
Native extension for OSXStandalone target not found
Native extension for WebGL target not found
Refreshing native plugins compatible for Editor in 26.90 ms, found 2 plugins.
Preloading 0 native plugins for Editor in 0.00 ms.
Mono: successfully reloaded assembly
- Completed reload, in  4.382 seconds
Domain Reload Profiling:
	ReloadAssembly (4382ms)
		BeginReloadAssembly (45ms)
			ExecutionOrderSort (0ms)
			DisableScriptedObjects (0ms)
			BackupInstance (0ms)
			ReleaseScriptingObjects (0ms)
			CreateAndSetChildDomain (1ms)
		EndReloadAssembly (517ms)
			LoadAssemblies (49ms)
			RebuildTransferFunctionScriptingTraits (0ms)
			SetupTypeCache (208ms)
			ReleaseScriptCaches (0ms)
			RebuildScriptCaches (44ms)
			SetupLoadedEditorAssemblies (203ms)
				LogAssemblyErrors (0ms)
				InitializePlatformSupportModulesInManaged (5ms)
				SetLoadedEditorAssemblies (0ms)
				RefreshPlugins (27ms)
				BeforeProcessingInitializeOnLoad (28ms)
				ProcessInitializeOnLoadAttributes (110ms)
				ProcessInitializeOnLoadMethodAttributes (32ms)
				AfterProcessingInitializeOnLoad (0ms)
				EditorAssembliesLoaded (0ms)
			ExecutionOrderSort2 (0ms)
			AwakeInstancesAfterBackupRestoration (0ms)
Platform modules already initialized, skipping
Registering precompiled user dll's ...
Registered in 0.005190 seconds.
Begin MonoManager ReloadAssembly
Native extension for WindowsStandalone target not found
Native extension for OSXStandalone target not found
Native extension for WebGL target not found
Refreshing native plugins compatible for Editor in 0.28 ms, found 2 plugins.
Preloading 0 native plugins for Editor in 0.00 ms.
Mono: successfully reloaded assembly
- Completed reload, in  1.242 seconds
Domain Reload Profiling:
	ReloadAssembly (1244ms)
		BeginReloadAssembly (179ms)
			ExecutionOrderSort (0ms)
			DisableScriptedObjects (5ms)
			BackupInstance (0ms)
			ReleaseScriptingObjects (0ms)
			CreateAndSetChildDomain (37ms)
		EndReloadAssembly (991ms)
			LoadAssemblies (97ms)
			RebuildTransferFunctionScriptingTraits (0ms)
			SetupTypeCache (350ms)
			ReleaseScriptCaches (0ms)
			RebuildScriptCaches (59ms)
			SetupLoadedEditorAssemblies (349ms)
				LogAssemblyErrors (0ms)
				InitializePlatformSupportModulesInManaged (7ms)
				SetLoadedEditorAssemblies (1ms)
				RefreshPlugins (0ms)
				BeforeProcessingInitializeOnLoad (87ms)
				ProcessInitializeOnLoadAttributes (247ms)
				ProcessInitializeOnLoadMethodAttributes (4ms)
				AfterProcessingInitializeOnLoad (2ms)
				EditorAssembliesLoaded (0ms)
			ExecutionOrderSort2 (0ms)
			AwakeInstancesAfterBackupRestoration (8ms)
Platform modules already initialized, skipping
========================================================================
Worker process is ready to serve import requests
Launching external process: /Applications/Unity/Hub/Editor/2020.3.14f1/Unity.app/Contents/Tools/UnityShaderCompiler
Launched and connected shader compiler UnityShaderCompiler after 0.01 seconds
Refreshing native plugins compatible for Editor in 0.29 ms, found 2 plugins.
Preloading 0 native plugins for Editor in 0.00 ms.
Unloading 1415 Unused Serialized files (Serialized files now loaded: 0)
System memory in use before: 145.5 MB.
System memory in use after: 145.6 MB.

Unloading 19 unused Assets to reduce memory usage. Loaded Objects now: 1849.
Total: 1.879041 ms (FindLiveObjects: 0.152716 ms CreateObjectMapping: 0.043145 ms MarkObjects: 1.596070 ms  DeleteObjects: 0.086239 ms)

AssetImportParameters requested are different than current active one (requested -> active):
  custom:video-decoder-ogg-theora: a1e56fd34408186e4bbccfd4996cb3dc -> 
  custom:container-muxer-webm: aa71ff27fc2769a1b78a27578f13a17b -> 
  custom:container-demuxer-webm: 4f35f7cbe854078d1ac9338744f61a02 -> 
  custom:container-demuxer-ogg: 62fdf1f143b41e24485cea50d1cbac27 -> 
  custom:video-encoder-webm-vp8: eb34c28f22e8b96e1ab97ce403110664 -> 
  custom:framework-osx-AVFoundation: e770b220cccbd017edd2c1fefb359320 -> 
  custom:video-decoder-webm-vp8: 9c59270c3fd7afecdb556c50c9e8de78 -> 
  custom:audio-decoder-ogg-vorbis: bf7c407c2cedff20999df2af8eb42d56 -> 
  custom:audio-encoder-webm-vorbis: bf7c407c2cedff20999df2af8eb42d56 -> 
========================================================================
Received Import Request.
  path: Assets/Materials/ExpStep.mat
  artifactKey: Guid(052008fa86dd2b047b4aa506394ecf88) Importer(815301076,1909f56bfc062723c751e8b465ee728b)
Start importing Assets/Materials/ExpStep.mat using Guid(052008fa86dd2b047b4aa506394ecf88) Importer(815301076,1909f56bfc062723c751e8b465ee728b) Shader error in 'Unlit/Zero2Shaders/ExpStep': undeclared identifier 'o' at line 34 (on metal)

Compiling Vertex program
Platform defines: UNITY_ENABLE_REFLECTION_BUFFERS UNITY_USE_DITHER_MASK_FOR_ALPHABLENDED_SHADOWS UNITY_PBS_USE_BRDF1 UNITY_SPECCUBE_BOX_PROJECTION UNITY_SPECCUBE_BLENDING UNITY_ENABLE_DETAIL_NORMALMAP SHADER_API_DESKTOP UNITY_COLORSPACE_GAMMA UNITY_LIGHT_PROBE_PROXY_VOLUME UNITY_LIGHTMAP_FULL_HDR
Disabled keywords: UNITY_NO_DXT5nm UNITY_ENABLE_NATIVE_SHADOW_LOOKUPS UNITY_METAL_SHADOWS_USE_POINT_FILTERING UNITY_NO_SCREENSPACE_SHADOWS UNITY_PBS_USE_BRDF2 UNITY_PBS_USE_BRDF3 UNITY_NO_FULL_STANDARD_SHADER UNITY_HARDWARE_TIER1 UNITY_HARDWARE_TIER2 UNITY_HARDWARE_TIER3 UNITY_HALF_PRECISION_FRAGMENT_SHADER_REGISTERS UNITY_LIGHTMAP_DLDR_ENCODING UNITY_LIGHTMAP_RGBM_ENCODING UNITY_VIRTUAL_TEXTURING UNITY_PRETRANSFORM_TO_DISPLAY_ORIENTATION UNITY_ASTC_NORMALMAP_ENCODING SHADER_API_GLES30

Shader error in 'Unlit/Zero2Shaders/ExpStep': undeclared identifier 'o' at line 34 (on metal)

Compiling Vertex program
Platform defines: UNITY_ENABLE_REFLECTION_BUFFERS UNITY_USE_DITHER_MASK_FOR_ALPHABLENDED_SHADOWS UNITY_PBS_USE_BRDF1 UNITY_SPECCUBE_BOX_PROJECTION UNITY_SPECCUBE_BLENDING UNITY_ENABLE_DETAIL_NORMALMAP SHADER_API_DESKTOP UNITY_COLORSPACE_GAMMA UNITY_LIGHT_PROBE_PROXY_VOLUME UNITY_LIGHTMAP_FULL_HDR
Disabled keywords: UNITY_NO_DXT5nm UNITY_ENABLE_NATIVE_SHADOW_LOOKUPS UNITY_METAL_SHADOWS_USE_POINT_FILTERING UNITY_NO_SCREENSPACE_SHADOWS UNITY_PBS_USE_BRDF2 UNITY_PBS_USE_BRDF3 UNITY_NO_FULL_STANDARD_SHADER UNITY_HARDWARE_TIER1 UNITY_HARDWARE_TIER2 UNITY_HARDWARE_TIER3 UNITY_HALF_PRECISION_FRAGMENT_SHADER_REGISTERS UNITY_LIGHTMAP_DLDR_ENCODING UNITY_LIGHTMAP_RGBM_ENCODING UNITY_VIRTUAL_TEXTURING UNITY_PRETRANSFORM_TO_DISPLAY_ORIENTATION UNITY_ASTC_NORMALMAP_ENCODING SHADER_API_GLES30

 -> (artifact id: 'f8c24ac308f75329db799b9dded068b4') in 1.526724 seconds 
  Import took 1.530819 seconds .

========================================================================
Received Import Request.
  Time since last request: 0.000215 seconds.
  path: Assets/Materials/UVAsColor.mat
  artifactKey: Guid(2ce9b1788fb85ff48b2646a1254c5fa3) Importer(815301076,1909f56bfc062723c751e8b465ee728b)
Start importing Assets/Materials/UVAsColor.mat using Guid(2ce9b1788fb85ff48b2646a1254c5fa3) Importer(815301076,1909f56bfc062723c751e8b465ee728b)  -> (artifact id: 'a1aca74eb5129a291c94db823bd30e06') in 0.011186 seconds 
  Import took 0.014750 seconds .

========================================================================
Received Import Request.
  Time since last request: 0.000198 seconds.
  path: Assets/Materials/WorldNormalAsColor.mat
  artifactKey: Guid(180d75a4f33dff6489a3fa8ad2ceee83) Importer(815301076,1909f56bfc062723c751e8b465ee728b)
Start importing Assets/Materials/WorldNormalAsColor.mat using Guid(180d75a4f33dff6489a3fa8ad2ceee83) Importer(815301076,1909f56bfc062723c751e8b465ee728b)  -> (artifact id: '68cc1f0dd14e36f0aa59184e8945193d') in 0.009155 seconds 
  Import took 0.012330 seconds .

========================================================================
Received Import Request.
  Time since last request: 0.000207 seconds.
  path: Assets/Materials/NewSurfaceShader.mat
  artifactKey: Guid(c0d4fa54a3f8eaa4db23d5483b5d3166) Importer(815301076,1909f56bfc062723c751e8b465ee728b)
Start importing Assets/Materials/NewSurfaceShader.mat using Guid(c0d4fa54a3f8eaa4db23d5483b5d3166) Importer(815301076,1909f56bfc062723c751e8b465ee728b)  -> (artifact id: 'f8b1f7d2283fa036681a331dfd924951') in 0.534870 seconds 
  Import took 0.537432 seconds .

========================================================================
Received Import Request.
  Time since last request: 0.000185 seconds.
  path: Assets/Materials/Pow.mat
  artifactKey: Guid(9563c2521175d18429688fe81ea6bb4b) Importer(815301076,1909f56bfc062723c751e8b465ee728b)
Start importing Assets/Materials/Pow.mat using Guid(9563c2521175d18429688fe81ea6bb4b) Importer(815301076,1909f56bfc062723c751e8b465ee728b) Shader error in 'Unlit/Zero2Shaders/Pow': 'frag': Not all control paths return a value at line 42 (on metal)

Compiling Fragment program
Platform defines: UNITY_ENABLE_REFLECTION_BUFFERS UNITY_USE_DITHER_MASK_FOR_ALPHABLENDED_SHADOWS UNITY_PBS_USE_BRDF1 UNITY_SPECCUBE_BOX_PROJECTION UNITY_SPECCUBE_BLENDING UNITY_ENABLE_DETAIL_NORMALMAP SHADER_API_DESKTOP UNITY_COLORSPACE_GAMMA UNITY_LIGHT_PROBE_PROXY_VOLUME UNITY_LIGHTMAP_FULL_HDR
Disabled keywords: UNITY_NO_DXT5nm UNITY_ENABLE_NATIVE_SHADOW_LOOKUPS UNITY_METAL_SHADOWS_USE_POINT_FILTERING UNITY_NO_SCREENSPACE_SHADOWS UNITY_PBS_USE_BRDF2 UNITY_PBS_USE_BRDF3 UNITY_NO_FULL_STANDARD_SHADER UNITY_HARDWARE_TIER1 UNITY_HARDWARE_TIER2 UNITY_HARDWARE_TIER3 UNITY_HALF_PRECISION_FRAGMENT_SHADER_REGISTERS UNITY_LIGHTMAP_DLDR_ENCODING UNITY_LIGHTMAP_RGBM_ENCODING UNITY_VIRTUAL_TEXTURING UNITY_PRETRANSFORM_TO_DISPLAY_ORIENTATION UNITY_ASTC_NORMALMAP_ENCODING SHADER_API_GLES30

 -> (artifact id: '70cfe50ce1096405da06728b716200ff') in 0.014972 seconds 
  Import took 0.017919 seconds .

========================================================================
Received Import Request.
  Time since last request: 0.000175 seconds.
  path: Assets/Materials/GradientNoise.mat
  artifactKey: Guid(5eca3605b9b15944d9794a0464bc3b5c) Importer(815301076,1909f56bfc062723c751e8b465ee728b)
Start importing Assets/Materials/GradientNoise.mat using Guid(5eca3605b9b15944d9794a0464bc3b5c) Importer(815301076,1909f56bfc062723c751e8b465ee728b) Shader error in 'Unlit/Zero2Shaders/GradientNoise': 'frag': Not all control paths return a value at line 41 (on metal)

Compiling Fragment program
Platform defines: UNITY_ENABLE_REFLECTION_BUFFERS UNITY_USE_DITHER_MASK_FOR_ALPHABLENDED_SHADOWS UNITY_PBS_USE_BRDF1 UNITY_SPECCUBE_BOX_PROJECTION UNITY_SPECCUBE_BLENDING UNITY_ENABLE_DETAIL_NORMALMAP SHADER_API_DESKTOP UNITY_COLORSPACE_GAMMA UNITY_LIGHT_PROBE_PROXY_VOLUME UNITY_LIGHTMAP_FULL_HDR
Disabled keywords: UNITY_NO_DXT5nm UNITY_ENABLE_NATIVE_SHADOW_LOOKUPS UNITY_METAL_SHADOWS_USE_POINT_FILTERING UNITY_NO_SCREENSPACE_SHADOWS UNITY_PBS_USE_BRDF2 UNITY_PBS_USE_BRDF3 UNITY_NO_FULL_STANDARD_SHADER UNITY_HARDWARE_TIER1 UNITY_HARDWARE_TIER2 UNITY_HARDWARE_TIER3 UNITY_HALF_PRECISION_FRAGMENT_SHADER_REGISTERS UNITY_LIGHTMAP_DLDR_ENCODING UNITY_LIGHTMAP_RGBM_ENCODING UNITY_VIRTUAL_TEXTURING UNITY_PRETRANSFORM_TO_DISPLAY_ORIENTATION UNITY_ASTC_NORMALMAP_ENCODING SHADER_API_GLES30

 -> (artifact id: 'bada47b8e889898e7b91ff3867fdb810') in 0.017400 seconds 
  Import took 0.019830 seconds .

========================================================================
Received Import Request.
  Time since last request: 0.000240 seconds.
  path: Assets/Materials/SinWave.mat
  artifactKey: Guid(d0b01d9ac6849b74aa79caa7e7456ab7) Importer(815301076,1909f56bfc062723c751e8b465ee728b)
Start importing Assets/Materials/SinWave.mat using Guid(d0b01d9ac6849b74aa79caa7e7456ab7) Importer(815301076,1909f56bfc062723c751e8b465ee728b)  -> (artifact id: '0e587af9c0f5d217a190a666451b24fd') in 0.008281 seconds 
  Import took 0.011188 seconds .

========================================================================
Received Import Request.
  Time since last request: 0.000182 seconds.
  path: Assets/Materials/Galaxy.mat
  artifactKey: Guid(b86abd0754385c54ebc0e7b9afb1146d) Importer(815301076,1909f56bfc062723c751e8b465ee728b)
Start importing Assets/Materials/Galaxy.mat using Guid(b86abd0754385c54ebc0e7b9afb1146d) Importer(815301076,1909f56bfc062723c751e8b465ee728b)  -> (artifact id: '16c6e5db855b818a0fe8019ffc35cfb6') in 0.049298 seconds 
  Import took 0.052600 seconds .

========================================================================
Received Import Request.
  Time since last request: 0.000216 seconds.
  path: Assets/Materials/ObjectNormalAsColor.mat
  artifactKey: Guid(83810cc903aedb64c8455fefd5c65451) Importer(815301076,1909f56bfc062723c751e8b465ee728b)
Start importing Assets/Materials/ObjectNormalAsColor.mat using Guid(83810cc903aedb64c8455fefd5c65451) Importer(815301076,1909f56bfc062723c751e8b465ee728b)  -> (artifact id: '971d668fc349b6ca3b8a5f0849a8b33a') in 0.012136 seconds 
  Import took 0.015195 seconds .

========================================================================
Received Import Request.
  Time since last request: 0.000196 seconds.
  path: Assets/Materials/ProceduralTexturing.mat
  artifactKey: Guid(40452a10e0891c64eb0339ac4d5528e2) Importer(815301076,1909f56bfc062723c751e8b465ee728b)
Start importing Assets/Materials/ProceduralTexturing.mat using Guid(40452a10e0891c64eb0339ac4d5528e2) Importer(815301076,1909f56bfc062723c751e8b465ee728b)  -> (artifact id: 'c9eb2036a2e14064301a37ad529a1a2e') in 0.009939 seconds 
  Import took 0.013106 seconds .

========================================================================
Received Import Request.
  Time since last request: 0.000181 seconds.
  path: Assets/Materials/SolidColor.mat
  artifactKey: Guid(ed50953ad99558b4d99527a3767e9754) Importer(815301076,1909f56bfc062723c751e8b465ee728b)
Start importing Assets/Materials/SolidColor.mat using Guid(ed50953ad99558b4d99527a3767e9754) Importer(815301076,1909f56bfc062723c751e8b465ee728b)  -> (artifact id: '05bf675fe63a5ff627bdf382c34c3cc7') in 0.008896 seconds 
  Import took 0.012170 seconds .

========================================================================
Received Import Request.
  Time since last request: 0.000308 seconds.
  path: Assets/Shaders/Smoothstep.shader
  artifactKey: Guid(db7b3f3c43216224b90a80bd11a8c92b) Importer(815301076,1909f56bfc062723c751e8b465ee728b)
Start importing Assets/Shaders/Smoothstep.shader using Guid(db7b3f3c43216224b90a80bd11a8c92b) Importer(815301076,1909f56bfc062723c751e8b465ee728b)  -> (artifact id: '86185dfc30e4d9a4ff0215c2920f4710') in 0.409936 seconds 
  Import took 0.413571 seconds .

========================================================================
Received Import Request.
  Time since last request: 0.000205 seconds.
  path: Assets/Materials/ParameterColor.mat
  artifactKey: Guid(f0cafecac7ed4a745a4fbcc8621e6735) Importer(815301076,1909f56bfc062723c751e8b465ee728b)
Start importing Assets/Materials/ParameterColor.mat using Guid(f0cafecac7ed4a745a4fbcc8621e6735) Importer(815301076,1909f56bfc062723c751e8b465ee728b) Shader error in 'Unlit/Zero2Shaders/ParameterColor': 'frag': Not all control paths return a value at line 40 (on metal)

Compiling Fragment program
Platform defines: UNITY_ENABLE_REFLECTION_BUFFERS UNITY_USE_DITHER_MASK_FOR_ALPHABLENDED_SHADOWS UNITY_PBS_USE_BRDF1 UNITY_SPECCUBE_BOX_PROJECTION UNITY_SPECCUBE_BLENDING UNITY_ENABLE_DETAIL_NORMALMAP SHADER_API_DESKTOP UNITY_COLORSPACE_GAMMA UNITY_LIGHT_PROBE_PROXY_VOLUME UNITY_LIGHTMAP_FULL_HDR
Disabled keywords: UNITY_NO_DXT5nm UNITY_ENABLE_NATIVE_SHADOW_LOOKUPS UNITY_METAL_SHADOWS_USE_POINT_FILTERING UNITY_NO_SCREENSPACE_SHADOWS UNITY_PBS_USE_BRDF2 UNITY_PBS_USE_BRDF3 UNITY_NO_FULL_STANDARD_SHADER UNITY_HARDWARE_TIER1 UNITY_HARDWARE_TIER2 UNITY_HARDWARE_TIER3 UNITY_HALF_PRECISION_FRAGMENT_SHADER_REGISTERS UNITY_LIGHTMAP_DLDR_ENCODING UNITY_LIGHTMAP_RGBM_ENCODING UNITY_VIRTUAL_TEXTURING UNITY_PRETRANSFORM_TO_DISPLAY_ORIENTATION UNITY_ASTC_NORMALMAP_ENCODING SHADER_API_GLES30

 -> (artifact id: '01b5ba3ad8087fadcec08b1239e5b1f5') in 0.022613 seconds 
  Import took 0.025444 seconds .

========================================================================
Received Import Request.
  Time since last request: 0.000198 seconds.
  path: Assets/Materials/TextureColor.mat
  artifactKey: Guid(c71ac0a7158a98244a2da440b7c46f60) Importer(815301076,1909f56bfc062723c751e8b465ee728b)
Start importing Assets/Materials/TextureColor.mat using Guid(c71ac0a7158a98244a2da440b7c46f60) Importer(815301076,1909f56bfc062723c751e8b465ee728b)  -> (artifact id: '4917c3c23012beb53f65896d2b0da4bc') in 0.018809 seconds 
  Import took 0.022565 seconds .

========================================================================
Received Import Request.
  Time since last request: 0.000286 seconds.
  path: Assets/Materials/WorldPositionAsColor.mat
  artifactKey: Guid(44f737f4ed58ebd4bac39932464e2422) Importer(815301076,1909f56bfc062723c751e8b465ee728b)
Start importing Assets/Materials/WorldPositionAsColor.mat using Guid(44f737f4ed58ebd4bac39932464e2422) Importer(815301076,1909f56bfc062723c751e8b465ee728b)  -> (artifact id: '34f580400ad1440202bc08e5b0e4ce30') in 0.026226 seconds 
  Import took 0.029950 seconds .

========================================================================
Received Import Request.
  Time since last request: 0.000334 seconds.
  path: Assets/Materials/Smoothstep.mat
  artifactKey: Guid(721d4123a20f4c3468abd1d5637064e5) Importer(815301076,1909f56bfc062723c751e8b465ee728b)
Start importing Assets/Materials/Smoothstep.mat using Guid(721d4123a20f4c3468abd1d5637064e5) Importer(815301076,1909f56bfc062723c751e8b465ee728b) Shader error in 'Unlit/Zero2Shaders/Step': 'frag': Not all control paths return a value at line 43 (on metal)

Compiling Fragment program
Platform defines: UNITY_ENABLE_REFLECTION_BUFFERS UNITY_USE_DITHER_MASK_FOR_ALPHABLENDED_SHADOWS UNITY_PBS_USE_BRDF1 UNITY_SPECCUBE_BOX_PROJECTION UNITY_SPECCUBE_BLENDING UNITY_ENABLE_DETAIL_NORMALMAP SHADER_API_DESKTOP UNITY_COLORSPACE_GAMMA UNITY_LIGHT_PROBE_PROXY_VOLUME UNITY_LIGHTMAP_FULL_HDR
Disabled keywords: UNITY_NO_DXT5nm UNITY_ENABLE_NATIVE_SHADOW_LOOKUPS UNITY_METAL_SHADOWS_USE_POINT_FILTERING UNITY_NO_SCREENSPACE_SHADOWS UNITY_PBS_USE_BRDF2 UNITY_PBS_USE_BRDF3 UNITY_NO_FULL_STANDARD_SHADER UNITY_HARDWARE_TIER1 UNITY_HARDWARE_TIER2 UNITY_HARDWARE_TIER3 UNITY_HALF_PRECISION_FRAGMENT_SHADER_REGISTERS UNITY_LIGHTMAP_DLDR_ENCODING UNITY_LIGHTMAP_RGBM_ENCODING UNITY_VIRTUAL_TEXTURING UNITY_PRETRANSFORM_TO_DISPLAY_ORIENTATION UNITY_ASTC_NORMALMAP_ENCODING SHADER_API_GLES30

 -> (artifact id: 'f4efa6010075c9af2d9e3183a3eb2f15') in 0.027770 seconds 
  Import took 0.031330 seconds .

========================================================================
Received Import Request.
  Time since last request: 0.000232 seconds.
  path: Assets/Materials/ObjectPositionAsColor.mat
  artifactKey: Guid(a2b3a80205d1cd64f903c3454496fb7a) Importer(815301076,1909f56bfc062723c751e8b465ee728b)
Start importing Assets/Materials/ObjectPositionAsColor.mat using Guid(a2b3a80205d1cd64f903c3454496fb7a) Importer(815301076,1909f56bfc062723c751e8b465ee728b)  -> (artifact id: 'a0e949c0807a23155f391d619490376e') in 0.029961 seconds 
  Import took 0.033162 seconds .

========================================================================
Received Import Request.
  Time since last request: 0.000209 seconds.
  path: Assets/Materials/PseudoRandom.mat
  artifactKey: Guid(324bb901ffcbe2c41b9874db54d96cf1) Importer(815301076,1909f56bfc062723c751e8b465ee728b)
Start importing Assets/Materials/PseudoRandom.mat using Guid(324bb901ffcbe2c41b9874db54d96cf1) Importer(815301076,1909f56bfc062723c751e8b465ee728b) Shader error in 'Unlit/Zero2Shaders/PseudoRandom': 'frag': Not all control paths return a value at line 36 (on metal)

Compiling Fragment program
Platform defines: UNITY_ENABLE_REFLECTION_BUFFERS UNITY_USE_DITHER_MASK_FOR_ALPHABLENDED_SHADOWS UNITY_PBS_USE_BRDF1 UNITY_SPECCUBE_BOX_PROJECTION UNITY_SPECCUBE_BLENDING UNITY_ENABLE_DETAIL_NORMALMAP SHADER_API_DESKTOP UNITY_COLORSPACE_GAMMA UNITY_LIGHT_PROBE_PROXY_VOLUME UNITY_LIGHTMAP_FULL_HDR
Disabled keywords: UNITY_NO_DXT5nm UNITY_ENABLE_NATIVE_SHADOW_LOOKUPS UNITY_METAL_SHADOWS_USE_POINT_FILTERING UNITY_NO_SCREENSPACE_SHADOWS UNITY_PBS_USE_BRDF2 UNITY_PBS_USE_BRDF3 UNITY_NO_FULL_STANDARD_SHADER UNITY_HARDWARE_TIER1 UNITY_HARDWARE_TIER2 UNITY_HARDWARE_TIER3 UNITY_HALF_PRECISION_FRAGMENT_SHADER_REGISTERS UNITY_LIGHTMAP_DLDR_ENCODING UNITY_LIGHTMAP_RGBM_ENCODING UNITY_VIRTUAL_TEXTURING UNITY_PRETRANSFORM_TO_DISPLAY_ORIENTATION UNITY_ASTC_NORMALMAP_ENCODING SHADER_API_GLES30

 -> (artifact id: 'af772fd496705b3c1169ef9466b360db') in 0.020268 seconds 
  Import took 0.023568 seconds .

AssetImportWorkerClient::OnTransportError - code=2 error=End of file
